===============================================================================
===============================================================================
===                                                                         ===
===       SlugHeat  -  Version: 22  -  Update: 2022                         ===
===                                                                         ===
===============================================================================
===============================================================================


-------------------------------------------------------------------------------------------------------------------------------------------------------------
--                                                                                                                                                         --
--  LOG FILE: /Volumes/GoogleDrive/My Drive/Research/Heat_Flow /SlugHeat/code/SlugHeat22/SlugHeat22_220928/SlugHeat22_DickersonWorking/XX_FUG16_HF01A.log  --
--                                                                                                                                                         --
--                                                             Processed: 11-Oct-2022 10:07:32                                                             --
--                                                                                                                                                         --
-------------------------------------------------------------------------------------------------------------------------------------------------------------



Penetration file:  /Volumes/GoogleDrive/My Drive/Research/Heat_Flow /SlugHeat/code/SlugHeat22/SlugHeat22_220928/SlugHeat22_DickersonWorking/PenetrationFiles/Old_HFData/XX_FUG16_HF01A.pen

Parameter file (*):  /Volumes/GoogleDrive/My Drive/Research/Heat_Flow /SlugHeat/code/SlugHeat22/SlugHeat22_220928/SlugHeat22_DickersonWorking/SlugHeat22.par

Res file: /Volumes/GoogleDrive/My Drive/Research/Heat_Flow /SlugHeat/code/SlugHeat22/SlugHeat22_220928/SlugHeat22_DickersonWorking/XX_FUG16_HF01A.res


(*) File SlugHeat22.par found in the working directory !


=================================================
BEGIN LOG FILE
=================================================

----------------------------------------------
----------------------------------------------
SlugHeat22 start time: 11-Oct-2022 10:07:32
----------------------------------------------
----------------------------------------------

11-Oct-2022 10:07:32 Processing set up and data preparation
==================================================================================================

 -- Finding parameter file...
Parameter file: /Volumes/GoogleDrive/My Drive/Research/Heat_Flow /SlugHeat/code/SlugHeat22/SlugHeat22_220928/SlugHeat22_DickersonWorking/SlugHeat22.par

 -- Finding calibration file...
Calibration file: /Volumes/GoogleDrive/My Drive/Research/Heat_Flow /SlugHeat/code/SlugHeat22/SlugHeat22_220928/SlugHeat22_DickersonWorking/SlugHeat22.cal

-- Reading in parameters from parameters file

-- Reading in parameters from calibration file

-- Reading in parameters from parameters file

-- Resetting penetration information

 -- Finding penetration file from SlugPen...
Penetration file: /Volumes/GoogleDrive/My Drive/Research/Heat_Flow /SlugHeat/code/SlugHeat22/SlugHeat22_220928/SlugHeat22_DickersonWorking/PenetrationFiles/Old_HFData/XX_FUG16_HF01A.pen

 -- Finding tap file from SlugPen...
TAP file: /Volumes/GoogleDrive/My Drive/Research/Heat_Flow /SlugHeat/code/SlugHeat22/SlugHeat22_220928/SlugHeat22_DickersonWorking/PenetrationFiles/Old_HFData/XX_FUG16_HF01A.tap

 -- Finding mat file from SlugPen...
MAT file: /Volumes/GoogleDrive/My Drive/Research/Heat_Flow /SlugHeat/code/SlugHeat22/SlugHeat22_220928/SlugHeat22_DickersonWorking/PenetrationFiles/Old_HFData/XX_FUG16_HF01A.mat


                          ---------------------------
                          PARAMETERS READ IN PAR FILE
                          ---------------------------


Number Of Sensors:		11
Time Scaling Factor (s):	10.0
Sensor Radius (m):		4.76e-03
Inter-sensor spacing (m):	0.30

Calibration Coefficients ( T = 1000*[a.x^2 + b.x + c] degC ):

  a: 0.0  0.0  0.0  0.0  0.0  0.0  0.0  0.0  0.0  0.0  0.0  0.0  
  b: 1.0  1.0  1.0  1.0  1.0  1.0  1.0  1.0  1.0  1.0  1.0  1.0  
  c: 0.0  0.0  0.0  0.0  0.0  0.0  0.0  0.0  0.0  0.0  0.0  0.0  

Hyndman Coefficients ( Kappa = k/[a - b.k + c.k^2] 10^-6 m2 s-1 ):

  a: 5.790
  b: 3.670
  c: 1.016

Initial Frictional Delays (s):

  200.0  200.0  200.0  200.0  200.0  200.0  200.0  200.0  200.0  200.0  200.0  

Time Shift Increment (s):  	-8
Maximum Frictional Step:  	50
Minimum Frictional Tau:  	1.6
Maximum Fricional Tau:  	10.0

Assumed Initial Conductivities (W/m/degC):  

  k(z) = +0.909 +0.024z

Initial Heat Pulse Delays (s):

  10.0  10.0  10.0  10.0  10.0  10.0  10.0  10.0  10.0  10.0  10.0  

Time Shift Increment (s): 	1.0
Maximum Heat Pulse Step:  	50
Minimum Heat Pulse Tau:  	1.6
Maximum Heat Pulse Tau:  	10.0
Heat Pulse Power (J/m):  	600.0
Heat Pulse Length (s):  	20.0
Tolerance on k (degC):  	0.0
Minimum change of Sigma(k):  	0.0
Maximum number of iterations for k computations:  	10.0
Number of Iterations for Sensitivity analysis:  	100.0
Standard deviation in thermal conductivity for Sensitivity analysis:  	0.1
Minimum thermal conductivity cutoff for Sensitivity analysis:  	0.6
Maximum thermal conductivity cutoff for Sensitivity analysis:  	1.5
Mininum layer thickness for Sensitivity analysis:  	0.1
Use Frictional decay for No Heat pulse Sensitivity analysis ?:  	0.0
Horizontal thermal conductivity Anisotropy:  	1.1
Depth of first thermistor below weight stand:  	0.250


TAP file not found ...
TAP data read in PEN file: Tilt = 2.0 deg - Depth = 2234.0 m ...

Converted raw readings to corrected temperature:
Temperature is referenced to first point of bottom water calibration record ...

Split penetration and heat pulse data:
There is a heat pulse record ...

Penetration Record: 246
Heat Pulse Record:  310
End of Data Record: 379

11-Oct-2022 10:07:47 - End of raw data reading and preparation !
==========================================================================


-------------------------------------------------------------------------------
11-Oct-2022 10:08:35 - Begin SlugHeat22 PROCESSING
Split penetration and heat pulse data:
There is a heat pulse record ...

Penetration Record: 246
Heat Pulse Record:  310
End of Data Record: 379

Selected processing parameters:
-------------------------------

Penetration Record:  246
Heat Pulse Record:   310
End of Data Record:  379

Frictional Tau Window:  [1.6  10]
Heat Pulse Tau Window:  [1.6  10]

Max # of Iterations:     10
Min change in Total k:   1e-05


       -----------------------------------------------------------------
       RESULTS OF FRICTIONAL AND HEAT PULSE DECAYS REDUCTION - TRIAL # 1
       -----------------------------------------------------------------


Frictional Decay - Iteration 01
===============================

Sensor  Data Points  Eq. temp.   Error   Gradient  Delay   Slope
        Tot. / Used    (deg)     (95%)   (mdeg/m)  (sec)   (/deg)
------  -----------  ---------  -------  --------  ------  ------

   1      64 / 52      0.195    9.2e-04    48.610      0    0.904
   2      64 / 52      0.180    7.8e-04    49.173     32    0.798
   3      64 / 52      0.166    7.1e-04    56.187      8    0.650
   4      64 / 52      0.149    6.7e-04    53.603      8    0.439
   5      64 / 52      0.133    7.2e-04    65.542     16    0.366
   6      64 / 52      0.113    7.0e-04    68.662     24    0.338
   7      64 / 52      0.092    6.3e-04    59.308     40    0.347
   8      64 / 52      0.075    7.3e-04    70.624     48    0.239
   9      64 / 52      0.053    6.5e-04    80.246     24    0.266
  10      64 / 52      0.029    6.7e-04    76.347     48    0.301
  11      64 / 52      0.006    8.1e-04     0.000     72    0.343
 
Heat Pulse Decay - Iteration 01
===============================

Sensor  Data Points   kPtHF97    Error    T@Inf   Delay   kSlpHF97   kPt@0Tinf  kPt@minRMS  kSlp@minRMS  kSlp@0Tinf
        Tot. / Used  (W/deg/m)   (95%)    (deg)   (sec)   (W/deg/m)  (W/deg/m)  (W/deg/m)    (W/deg/m)   (W/deg/m)
------  -----------  ---------  -------  -------  -----  ----------  ---------  ----------  -----------  ----------

   1      70 / 57    1.304506   3.4e-04 -0.02926    10    0.983422    1.513457    1.470637    1.386916    1.513670
   2      70 / 57    1.137224   1.9e-04 -0.01710   -12    0.983666    1.221362    1.187342    1.115891    1.215045
   3      70 / 57    1.096649   2.3e-04 -0.01432   -12    0.974508    1.165597    1.141319    1.094374    1.165186
   4      70 / 57    1.112532   2.9e-04 -0.01708    -6    0.963755    1.196780    1.172112    1.119704    1.190882
   5      70 / 57    1.067209   3.2e-04 -0.01294   -13    0.961022    1.126695    1.099582    1.048090    1.126632
   6      70 / 57    1.048970   5.0e-05 -0.01166    -8    0.955239    1.102422    1.091146    1.069063    1.101532
   7      70 / 57    1.024853   2.6e-04 -0.01007    -9    0.947109    1.070048    1.062745    1.050470    1.071537
   8      70 / 57    0.980514   3.6e-04 -0.00565   -15    0.939116    1.003942    0.990371    0.966480    1.005347
   9      70 / 57    0.935036   4.4e-04 -0.00141   -20    0.924987    0.941460    0.931868    0.915960    0.943547
  10      70 / 57    0.853412   5.5e-05  0.01196   -27    0.921916    0.818769    0.813358    0.802651    0.817895
  11      70 / 57    0.872247   3.1e-04  0.00669   -19    0.912823    0.851972    0.854791    0.861949    0.853976

-------------------------------------------------------------------------------------------------------------------



Frictional Decay - Iteration 02
===============================

Sensor  Data Points  Eq. temp.   Error   Gradient  Delay   Slope
        Tot. / Used    (deg)     (95%)   (mdeg/m)  (sec)   (/deg)
------  -----------  ---------  -------  --------  ------  ------

   1      64 / 56      0.198    2.0e-03    54.436     -8    1.190
   2      64 / 56      0.182    1.3e-03    51.918     24    0.916
   3      64 / 56      0.166    7.6e-04    56.914      8    0.748
   4      64 / 56      0.149    7.3e-04    54.387      8    0.519
   5      64 / 56      0.133    7.3e-04    64.135     16    0.417
   6      64 / 56      0.114    7.6e-04    68.856     16    0.360
   7      64 / 56      0.093    6.8e-04    59.252     32    0.365
   8      64 / 56      0.075    7.7e-04    71.860     32    0.229
   9      64 / 56      0.054    6.7e-04    79.519     16    0.256
  10      64 / 56      0.030    7.1e-04    75.366     32    0.251
  11      64 / 56      0.007    8.5e-04     0.000     48    0.288
 
Heat Pulse Decay - Iteration 02 - Total change in conductivity: +3.2e-01+1.6e-01+1.2e-01+1.5e-01+1.1e-01+9.8e-02+8.1e-02+4.4e-02+5.6e-03+6.9e-02+4.3e-02
========================================================================

Sensor  Data Points   kPtHF97    Error    T@Inf   Delay   kSlpHF97   kPt@0Tinf  kPt@minRMS  kSlp@minRMS  kSlp@0Tinf
        Tot. / Used  (W/deg/m)   (95%)    (deg)   (sec)   (W/deg/m)  (W/deg/m)  (W/deg/m)    (W/deg/m)   (W/deg/m)
------  -----------  ---------  -------  -------  -----  ----------  ---------  ----------  -----------  ----------

   1      70 / 61    1.485718   5.5e-04 -0.01359   -17    1.295928    1.560301    1.534055    1.459377    1.558269
   2      70 / 61    1.204019   2.8e-04 -0.00558   -22    1.144023    1.224159    1.199155    1.126950    1.218002
   3      70 / 61    1.146777   5.3e-05 -0.00578   -20    1.092675    1.165738    1.151421    1.108972    1.161006
   4      70 / 61    1.175634   1.7e-04 -0.00691   -17    1.108987    1.199549    1.185012    1.141124    1.193062
   5      70 / 61    1.109411   7.1e-04 -0.00374   -20    1.073955    1.123124    1.104961    1.058375    1.123647
   6      70 / 61    1.089338   2.0e-04 -0.00568   -15    1.042480    1.106803    1.102352    1.087195    1.102978
   7      70 / 61    1.058539   4.9e-04 -0.00511   -15    1.019009    1.075544    1.071210    1.062715    1.078143
   8      70 / 61    0.995244   3.0e-04 -0.00275   -17    0.974473    1.003263    0.995244    0.974473    1.002794
   9      70 / 61    0.936480   3.6e-04 -0.00036   -20    0.932683    0.936480    0.932690    0.919151    0.932683
  10      70 / 61    0.824240   7.5e-04  0.00654   -20    0.853631    0.811032    0.804678    0.784083    0.805956
  11      70 / 61    0.858183   2.4e-04  0.00304   -16    0.874100    0.851409    0.851409    0.850382    0.850382

-------------------------------------------------------------------------------------------------------------------



Frictional Decay - Iteration 03 - Total change in Temperature: +1.0e-02
=======================================================================

Sensor  Data Points  Eq. temp.   Error   Gradient  Delay   Slope
        Tot. / Used    (deg)     (95%)   (mdeg/m)  (sec)   (/deg)
------  -----------  ---------  -------  --------  ------  ------

   1      64 / 57      0.199    2.5e-03    51.505     -8    1.386
   2      64 / 57      0.184    1.4e-03    56.134     16    0.920
   3      64 / 57      0.167    8.4e-04    57.373      8    0.785
   4      64 / 57      0.150    7.3e-04    54.599      8    0.554
   5      64 / 57      0.133    7.3e-04    64.290     16    0.435
   6      64 / 57      0.114    7.7e-04    68.989     16    0.376
   7      64 / 57      0.093    6.9e-04    59.439     32    0.379
   8      64 / 57      0.075    7.7e-04    72.059     32    0.232
   9      64 / 57      0.054    6.7e-04    78.504     16    0.257
  10      64 / 57      0.030    7.8e-04    76.584     24    0.230
  11      64 / 57      0.007    8.5e-04     0.000     48    0.283
 
Heat Pulse Decay - Iteration 03 - Total change in conductivity: +1.8e-01+6.7e-02+5.0e-02+6.3e-02+4.2e-02+4.0e-02+3.4e-02+1.5e-02+1.4e-03+2.9e-02+1.4e-02
========================================================================

Sensor  Data Points   kPtHF97    Error    T@Inf   Delay   kSlpHF97   kPt@0Tinf  kPt@minRMS  kSlp@minRMS  kSlp@0Tinf
        Tot. / Used  (W/deg/m)   (95%)    (deg)   (sec)   (W/deg/m)  (W/deg/m)  (W/deg/m)    (W/deg/m)   (W/deg/m)
------  -----------  ---------  -------  -------  -----  ----------  ---------  ----------  -----------  ----------

   1      70 / 62    1.554580   2.6e-05 -0.00454   -24    1.478273    1.575622    1.568490    1.534812    1.564868
   2      70 / 62    1.232626   7.8e-04 -0.00078   -24    1.213842    1.232626    1.211447    1.130373    1.213842
   3      70 / 62    1.165832   3.6e-04 -0.00146   -22    1.147629    1.170974    1.160771    1.127587    1.168444
   4      70 / 62    1.200447   3.1e-04 -0.00136   -20    1.182984    1.205663    1.195311    1.163048    1.203655
   5      70 / 62    1.121483   6.1e-04 -0.00061   -21    1.110860    1.121483    1.111880    1.073375    1.110860
   6      70 / 62    1.104737   5.9e-04 -0.00227   -17    1.084872    1.109433    1.109433    1.102826    1.102826
   7      70 / 62    1.072643   7.2e-05 -0.00165   -17    1.059266    1.077211    1.077211    1.076800    1.076800
   8      70 / 62    1.001846   6.5e-04 -0.00065   -18    0.995080    1.001846    0.997609    0.978865    0.995080
   9      70 / 62    0.936640   9.6e-06 -0.00001   -20    0.934754    0.936640    0.932613    0.919001    0.934754
  10      70 / 62    0.812521   1.2e-04  0.00216   -18    0.819523    0.809072    0.802324    0.780662    0.806128
  11      70 / 62    0.851847   8.4e-04  0.00084   -15    0.856047    0.851847    0.851847    0.856047    0.856047

-------------------------------------------------------------------------------------------------------------------



Frictional Decay - Iteration 04 - Total change in Temperature: +3.9e-03
=======================================================================

Sensor  Data Points  Eq. temp.   Error   Gradient  Delay   Slope
        Tot. / Used    (deg)     (95%)   (mdeg/m)  (sec)   (/deg)
------  -----------  ---------  -------  --------  ------  ------

   1      64 / 58      0.202    3.3e-03    61.380    -16    1.316
   2      64 / 58      0.184    1.6e-03    60.712     16    0.950
   3      64 / 58      0.165    9.3e-04    52.602     16    0.861
   4      64 / 58      0.150    7.4e-04    54.673      8    0.568
   5      64 / 58      0.133    7.3e-04    64.296     16    0.440
   6      64 / 58      0.114    7.7e-04    68.895     16    0.382
   7      64 / 58      0.093    7.0e-04    59.640     32    0.384
   8      64 / 58      0.075    7.6e-04    72.083     32    0.234
   9      64 / 58      0.054    6.7e-04    78.932     16    0.257
  10      64 / 58      0.030    8.1e-04    75.020     24    0.228
  11      64 / 58      0.008    9.5e-04     0.000     40    0.268
 
Heat Pulse Decay - Iteration 04 - Total change in conductivity: +6.9e-02+2.9e-02+1.9e-02+2.5e-02+1.2e-02+1.5e-02+1.4e-02+6.6e-03+1.6e-04+1.2e-02+6.3e-03
========================================================================

Sensor  Data Points   kPtHF97    Error    T@Inf   Delay   kSlpHF97   kPt@0Tinf  kPt@minRMS  kSlp@minRMS  kSlp@0Tinf
        Tot. / Used  (W/deg/m)   (95%)    (deg)   (sec)   (W/deg/m)  (W/deg/m)  (W/deg/m)    (W/deg/m)   (W/deg/m)
------  -----------  ---------  -------  -------  -----  ----------  ---------  ----------  -----------  ----------

   1      70 / 63    1.615144   2.5e-04 -0.00191   -27    1.571026    1.623194    1.615144    1.571026    1.611115
   2      70 / 63    1.236596   1.2e-03  0.00123   -24    1.235551    1.230699    1.219241    1.156134    1.207765
   3      70 / 63    1.161389   4.5e-04 -0.00045   -22    1.153847    1.161389    1.161389    1.153847    1.153847
   4      70 / 63    1.204012   8.7e-04 -0.00134   -20    1.187877    1.209650    1.204012    1.187877    1.213162
   5      70 / 63    1.123515   1.9e-04 -0.00019   -21    1.116315    1.123515    1.118298    1.093042    1.116315
   6      70 / 63    1.111813   1.0e-03 -0.00102   -18    1.102987    1.111813    1.116942    1.125399    1.102987
   7      70 / 63    1.079769   2.2e-04 -0.00022   -18    1.078032    1.079769    1.084761    1.099949    1.078032
   8      70 / 63    1.002811   1.2e-03 -0.00116   -18    0.993613    1.002811    1.002811    0.993613    0.993613
   9      70 / 63    0.936592   4.6e-04 -0.00046   -20    0.932578    0.936592    0.936592    0.932578    0.932578
  10      70 / 63    0.809888   4.7e-04  0.00251   -18    0.817532    0.806206    0.802587    0.786189    0.801528
  11      70 / 63    0.851186   2.6e-04  0.00026   -15    0.852385    0.851186    0.851186    0.852385    0.852385

-------------------------------------------------------------------------------------------------------------------



Frictional Decay - Iteration 05 - Total change in Temperature: +5.1e-03
=======================================================================

Sensor  Data Points  Eq. temp.   Error   Gradient  Delay   Slope
        Tot. / Used    (deg)     (95%)   (mdeg/m)  (sec)   (/deg)
------  -----------  ---------  -------  --------  ------  ------

   1      64 / 58      0.199    3.2e-03    52.011     -8    1.526
   2      64 / 58      0.184    1.6e-03    60.903     16    0.953
   3      64 / 58      0.165    9.4e-04    52.440     16    0.857
   4      64 / 58      0.150    7.4e-04    54.700      8    0.570
   5      64 / 58      0.133    7.3e-04    64.237     16    0.441
   6      64 / 58      0.114    7.7e-04    68.899     16    0.385
   7      64 / 58      0.093    7.1e-04    59.715     32    0.387
   8      64 / 58      0.075    7.6e-04    72.092     32    0.234
   9      64 / 58      0.054    6.7e-04    78.978     16    0.257
  10      64 / 58      0.030    8.1e-04    74.984     24    0.227
  11      64 / 58      0.008    9.5e-04     0.000     40    0.268
 
Heat Pulse Decay - Iteration 05 - Total change in conductivity: +6.1e-02+4.0e-03+4.4e-03+3.6e-03+2.0e-03+7.1e-03+7.1e-03+9.6e-04+4.8e-05+2.6e-03+6.6e-04
========================================================================

Sensor  Data Points   kPtHF97    Error    T@Inf   Delay   kSlpHF97   kPt@0Tinf  kPt@minRMS  kSlp@minRMS  kSlp@0Tinf
        Tot. / Used  (W/deg/m)   (95%)    (deg)   (sec)   (W/deg/m)  (W/deg/m)  (W/deg/m)    (W/deg/m)   (W/deg/m)
------  -----------  ---------  -------  -------  -----  ----------  ---------  ----------  -----------  ----------

   1      70 / 63    1.595964   5.6e-04  0.00270   -28    1.629430    1.587956    1.587956    1.588867    1.588867
   2      70 / 63    1.237309   1.1e-03  0.00132   -24    1.237167    1.231407    1.219939    1.157640    1.209342
   3      70 / 63    1.160537   5.7e-04 -0.00057   -22    1.151935    1.160537    1.160537    1.151935    1.151935
   4      70 / 63    1.210265   9.6e-04  0.00096   -21    1.214681    1.210265    1.204624    1.189362    1.214681
   5      70 / 63    1.123880   1.3e-04 -0.00013   -21    1.117219    1.123880    1.118660    1.093926    1.117219
   6      70 / 63    1.113088   7.7e-04 -0.00077   -18    1.106217    1.113088    1.118226    1.128698    1.106217
   7      70 / 63    1.081075   5.1e-05  0.00005   -18    1.081386    1.081075    1.086077    1.103375    1.081386
   8      70 / 63    1.002996   1.1e-03 -0.00112   -18    0.994096    1.002996    1.002996    0.994096    0.994096
   9      70 / 63    0.936582   4.6e-04 -0.00046   -20    0.932542    0.936582    0.936582    0.932542    0.932542
  10      70 / 63    0.809269   6.7e-04  0.00232   -18    0.816020    0.805591    0.801976    0.784738    0.800048
  11      70 / 63    0.851037   2.2e-04  0.00022   -15    0.852027    0.851037    0.851037    0.852027    0.852027

-------------------------------------------------------------------------------------------------------------------



Frictional Decay - Iteration 06 - Total change in Temperature: +2.9e-03
=======================================================================

Sensor  Data Points  Eq. temp.   Error   Gradient  Delay   Slope
        Tot. / Used    (deg)     (95%)   (mdeg/m)  (sec)   (/deg)
------  -----------  ---------  -------  --------  ------  ------

   1      64 / 58      0.199    3.3e-03    51.671     -8    1.508
   2      64 / 58      0.184    1.6e-03    60.938     16    0.954
   3      64 / 58      0.165    9.5e-04    52.324     16    0.857
   4      64 / 58      0.150    7.4e-04    54.790      8    0.573
   5      64 / 58      0.133    7.3e-04    64.225     16    0.441
   6      64 / 58      0.114    7.7e-04    68.899     16    0.386
   7      64 / 58      0.093    7.1e-04    59.729     32    0.388
   8      64 / 58      0.075    7.6e-04    72.094     32    0.234
   9      64 / 58      0.054    6.7e-04    78.988     16    0.257
  10      64 / 58      0.030    8.1e-04    74.976     24    0.227
  11      64 / 58      0.008    9.5e-04     0.000     40    0.268
 
Heat Pulse Decay - Iteration 06 - Total change in conductivity: +1.9e-02+7.1e-04+8.5e-04+6.3e-03+3.6e-04+1.3e-03+1.3e-03+1.8e-04+1.0e-05+6.2e-04+1.5e-04
========================================================================

Sensor  Data Points   kPtHF97    Error    T@Inf   Delay   kSlpHF97   kPt@0Tinf  kPt@minRMS  kSlp@minRMS  kSlp@0Tinf
        Tot. / Used  (W/deg/m)   (95%)    (deg)   (sec)   (W/deg/m)  (W/deg/m)  (W/deg/m)    (W/deg/m)   (W/deg/m)
------  -----------  ---------  -------  -------  -----  ----------  ---------  ----------  -----------  ----------

   1      70 / 63    1.585248   4.0e-04  0.00040   -27    1.583847    1.585248    1.585248    1.583847    1.583847
   2      70 / 63    1.237431   1.1e-03  0.00134   -24    1.237448    1.231529    1.220059    1.157903    1.209617
   3      70 / 63    1.160374   6.0e-04 -0.00060   -22    1.151566    1.160374    1.160374    1.151566    1.151566
   4      70 / 63    1.211341   1.1e-03  0.00113   -21    1.217305    1.205692    1.205692    1.191928    1.191928
   5      70 / 63    1.123944   1.1e-04 -0.00011   -21    1.117391    1.123944    1.118724    1.094094    1.117391
   6      70 / 63    1.113316   7.3e-04 -0.00073   -18    1.106804    1.113316    1.118456    1.129298    1.106804
   7      70 / 63    1.081313   1.0e-04  0.00010   -18    1.082003    1.081313    1.086316    1.104005    1.082003
   8      70 / 63    1.003030   1.1e-03 -0.00111   -18    0.994168    1.003030    1.003030    0.994168    0.994168
   9      70 / 63    0.936578   4.6e-04 -0.00046   -20    0.932527    0.936578    0.936578    0.932527    0.932527
  10      70 / 63    0.809124   7.2e-04  0.00227   -18    0.815676    0.805447    0.801833    0.784407    0.799710
  11      70 / 63    0.851004   2.2e-04  0.00022   -15    0.851961    0.851004    0.851004    0.851961    0.851961

-------------------------------------------------------------------------------------------------------------------



Frictional Decay - Iteration 07 - Total change in Temperature: +1.5e-04
=======================================================================

Sensor  Data Points  Eq. temp.   Error   Gradient  Delay   Slope
        Tot. / Used    (deg)     (95%)   (mdeg/m)  (sec)   (/deg)
------  -----------  ---------  -------  --------  ------  ------

   1      64 / 58      0.199    3.3e-03    51.480     -8    1.498
   2      64 / 58      0.184    1.6e-03    60.945     16    0.954
   3      64 / 58      0.165    9.5e-04    52.305     16    0.857
   4      64 / 58      0.150    7.4e-04    54.806      8    0.574
   5      64 / 58      0.133    7.3e-04    64.224     16    0.441
   6      64 / 58      0.114    7.7e-04    68.899     16    0.386
   7      64 / 58      0.093    7.1e-04    59.731     32    0.388
   8      64 / 58      0.075    7.6e-04    72.094     32    0.234
   9      64 / 58      0.054    6.7e-04    78.990     16    0.257
  10      64 / 58      0.030    8.1e-04    74.974     24    0.227
  11      64 / 58      0.008    9.5e-04     0.000     40    0.268
 
Heat Pulse Decay - Iteration 07 - Total change in conductivity: +1.1e-02+1.2e-04+1.6e-04+1.1e-03+6.5e-05+2.3e-04+2.4e-04+3.4e-05+3.7e-06+1.4e-04+3.3e-05
========================================================================

Sensor  Data Points   kPtHF97    Error    T@Inf   Delay   kSlpHF97   kPt@0Tinf  kPt@minRMS  kSlp@minRMS  kSlp@0Tinf
        Tot. / Used  (W/deg/m)   (95%)    (deg)   (sec)   (W/deg/m)  (W/deg/m)  (W/deg/m)    (W/deg/m)   (W/deg/m)
------  -----------  ---------  -------  -------  -----  ----------  ---------  ----------  -----------  ----------

   1      70 / 63    1.583681   3.1e-04  0.00031   -27    1.580964    1.583681    1.583681    1.580964    1.580964
   2      70 / 63    1.237455   1.1e-03  0.00134   -24    1.237496    1.231552    1.220082    1.157947    1.209663
   3      70 / 63    1.160344   6.0e-04 -0.00060   -22    1.151490    1.160344    1.160344    1.151490    1.151490
   4      70 / 63    1.211525   1.0e-03  0.00116   -21    1.217759    1.205875    1.205875    1.192372    1.192372
   5      70 / 63    1.123955   1.1e-04 -0.00011   -21    1.117418    1.123955    1.118735    1.094120    1.117418
   6      70 / 63    1.113355   7.2e-04 -0.00072   -18    1.106876    1.113355    1.118495    1.129371    1.106876
   7      70 / 63    1.081355   1.1e-04  0.00011   -18    1.082103    1.081355    1.086359    1.104108    1.082103
   8      70 / 63    1.003037   1.1e-03 -0.00111   -18    0.994200    1.003037    1.003037    0.994200    0.994200
   9      70 / 63    0.936580   4.6e-04 -0.00046   -20    0.932556    0.936580    0.936580    0.932556    0.932556
  10      70 / 63    0.809089   7.3e-04  0.00226   -18    0.815585    0.805412    0.801798    0.784321    0.799622
  11      70 / 63    0.850996   2.1e-04  0.00021   -15    0.851919    0.850996    0.850996    0.851919    0.851919

-------------------------------------------------------------------------------------------------------------------



Frictional Decay - Iteration 08 - Total change in Temperature: +6.6e-05
=======================================================================

Sensor  Data Points  Eq. temp.   Error   Gradient  Delay   Slope
        Tot. / Used    (deg)     (95%)   (mdeg/m)  (sec)   (/deg)
------  -----------  ---------  -------  --------  ------  ------

   1      64 / 58      0.199    3.3e-03    51.453     -8    1.497
   2      64 / 58      0.184    1.6e-03    60.948     16    0.954
   3      64 / 58      0.165    9.5e-04    52.300     16    0.857
   4      64 / 58      0.150    7.4e-04    54.807      8    0.574
   5      64 / 58      0.133    7.3e-04    64.223     16    0.441
   6      64 / 58      0.114    7.7e-04    68.900     16    0.386
   7      64 / 58      0.093    7.1e-04    59.732     32    0.388
   8      64 / 58      0.075    7.6e-04    72.095     32    0.234
   9      64 / 58      0.054    6.7e-04    78.991     16    0.257
  10      64 / 58      0.030    8.1e-04    74.973     24    0.227
  11      64 / 58      0.008    9.5e-04     0.000     40    0.268
 
Heat Pulse Decay - Iteration 08 - Total change in conductivity: +1.6e-03+2.3e-05+3.0e-05+1.8e-04+1.1e-05+3.9e-05+4.2e-05+7.0e-06+1.2e-06+3.5e-05+7.9e-06
========================================================================

Sensor  Data Points   kPtHF97    Error    T@Inf   Delay   kSlpHF97   kPt@0Tinf  kPt@minRMS  kSlp@minRMS  kSlp@0Tinf
        Tot. / Used  (W/deg/m)   (95%)    (deg)   (sec)   (W/deg/m)  (W/deg/m)  (W/deg/m)    (W/deg/m)   (W/deg/m)
------  -----------  ---------  -------  -------  -----  ----------  ---------  ----------  -----------  ----------

   1      70 / 63    1.583462   3.0e-04  0.00030   -27    1.580543    1.583462    1.583462    1.580543    1.580543
   2      70 / 63    1.237461   1.1e-03  0.00134   -24    1.237509    1.231558    1.220088    1.157960    1.209677
   3      70 / 63    1.160335   6.1e-04 -0.00061   -22    1.151462    1.160335    1.160335    1.151462    1.151462
   4      70 / 63    1.211554   1.0e-03  0.00116   -21    1.217822    1.205904    1.205904    1.192434    1.192434
   5      70 / 63    1.123958   1.1e-04 -0.00011   -21    1.117418    1.123958    1.118738    1.094121    1.117418
   6      70 / 63    1.113365   7.2e-04 -0.00072   -18    1.106923    1.113365    1.118505    1.129419    1.106923
   7      70 / 63    1.081362   1.1e-04  0.00011   -18    1.082132    1.081362    1.086366    1.104137    1.082132
   8      70 / 63    1.003038   1.1e-03 -0.00111   -18    0.994209    1.003038    1.003038    0.994209    0.994209
   9      70 / 63    0.936581   4.6e-04 -0.00046   -20    0.932558    0.936581    0.936581    0.932558    0.932558
  10      70 / 63    0.809081   7.3e-04  0.00226   -18    0.815563    0.805405    0.801791    0.784300    0.799600
  11      70 / 63    0.850994   2.1e-04  0.00021   -15    0.851913    0.850994    0.850994    0.851913    0.851913

-------------------------------------------------------------------------------------------------------------------



Frictional Decay - Iteration 09 - Total change in Temperature: +1.0e-05
=======================================================================

Sensor  Data Points  Eq. temp.   Error   Gradient  Delay   Slope
        Tot. / Used    (deg)     (95%)   (mdeg/m)  (sec)   (/deg)
------  -----------  ---------  -------  --------  ------  ------

   1      64 / 58      0.199    3.3e-03    51.448     -8    1.497
   2      64 / 58      0.184    1.6e-03    60.947     16    0.954
   3      64 / 58      0.165    9.5e-04    52.300     16    0.857
   4      64 / 58      0.150    7.4e-04    54.809      8    0.574
   5      64 / 58      0.133    7.3e-04    64.223     16    0.441
   6      64 / 58      0.114    7.7e-04    68.900     16    0.386
   7      64 / 58      0.093    7.1e-04    59.732     32    0.388
   8      64 / 58      0.075    7.6e-04    72.094     32    0.234
   9      64 / 58      0.054    6.7e-04    78.991     16    0.257
  10      64 / 58      0.030    8.1e-04    74.973     24    0.227
  11      64 / 58      0.008    9.5e-04     0.000     40    0.268
 
Heat Pulse Decay - Iteration 09 - Total change in conductivity: +2.2e-04+6.3e-06+9.4e-06+2.9e-05+2.7e-06+1.0e-05+7.2e-06+1.1e-06+1.3e-06+7.4e-06+2.2e-06
========================================================================

Sensor  Data Points   kPtHF97    Error    T@Inf   Delay   kSlpHF97   kPt@0Tinf  kPt@minRMS  kSlp@minRMS  kSlp@0Tinf
        Tot. / Used  (W/deg/m)   (95%)    (deg)   (sec)   (W/deg/m)  (W/deg/m)  (W/deg/m)    (W/deg/m)   (W/deg/m)
------  -----------  ---------  -------  -------  -----  ----------  ---------  ----------  -----------  ----------

   1      70 / 63    1.583423   3.0e-04  0.00030   -27    1.580476    1.583423    1.583423    1.580476    1.580476
   2      70 / 63    1.237463   1.1e-03  0.00134   -24    1.237518    1.231560    1.220090    1.157967    1.209685
   3      70 / 63    1.160336   6.0e-04 -0.00060   -22    1.151482    1.160336    1.160336    1.151482    1.151482
   4      70 / 63    1.211563   1.0e-03  0.00116   -21    1.217856    1.205913    1.205913    1.192467    1.192467
   5      70 / 63    1.123958   1.1e-04 -0.00011   -21    1.117423    1.123958    1.118738    1.094125    1.117423
   6      70 / 63    1.113367   7.2e-04 -0.00072   -18    1.106929    1.113367    1.118506    1.129426    1.106929
   7      70 / 63    1.081364   1.1e-04  0.00011   -18    1.082139    1.081364    1.086368    1.104145    1.082139
   8      70 / 63    1.003039   1.1e-03 -0.00111   -18    0.994211    1.003039    1.003039    0.994211    0.994211
   9      70 / 63    0.936577   4.6e-04 -0.00046   -20    0.932525    0.936577    0.936577    0.932525    0.932525
  10      70 / 63    0.809079   7.3e-04  0.00226   -18    0.815562    0.805403    0.801789    0.784298    0.799599
  11      70 / 63    0.850994   2.1e-04  0.00021   -15    0.851911    0.850994    0.850994    0.851911    0.851911

-------------------------------------------------------------------------------------------------------------------



Frictional Decay - Iteration 10 - Total change in Temperature: +2.7e-06
=======================================================================

Sensor  Data Points  Eq. temp.   Error   Gradient  Delay   Slope
        Tot. / Used    (deg)     (95%)   (mdeg/m)  (sec)   (/deg)
------  -----------  ---------  -------  --------  ------  ------

   1      64 / 58      0.199    3.3e-03    51.448     -8    1.497
   2      64 / 58      0.184    1.6e-03    60.946     16    0.954
   3      64 / 58      0.165    9.5e-04    52.300     16    0.857
   4      64 / 58      0.150    7.4e-04    54.809      8    0.574
   5      64 / 58      0.133    7.3e-04    64.223     16    0.441
   6      64 / 58      0.114    7.7e-04    68.900     16    0.386
   7      64 / 58      0.093    7.1e-04    59.732     32    0.388
   8      64 / 58      0.075    7.6e-04    72.094     32    0.234
   9      64 / 58      0.054    6.7e-04    78.991     16    0.257
  10      64 / 58      0.030    8.1e-04    74.973     24    0.227
  11      64 / 58      0.008    9.5e-04     0.000     40    0.268
 
Heat Pulse Decay - Iteration 10 - Total change in conductivity: +3.9e-05+1.9e-06+1.6e-06+8.8e-06+3.0e-07+1.2e-06+2.1e-06+7.0e-07+4.3e-06+2.2e-06+2.5e-07
========================================================================

Sensor  Data Points   kPtHF97    Error    T@Inf   Delay   kSlpHF97   kPt@0Tinf  kPt@minRMS  kSlp@minRMS  kSlp@0Tinf
        Tot. / Used  (W/deg/m)   (95%)    (deg)   (sec)   (W/deg/m)  (W/deg/m)  (W/deg/m)    (W/deg/m)   (W/deg/m)
------  -----------  ---------  -------  -------  -----  ----------  ---------  ----------  -----------  ----------

   1      70 / 63    1.583419   3.0e-04  0.00030   -27    1.580460    1.583419    1.583419    1.580460    1.580460
   2      70 / 63    1.237461   1.1e-03  0.00134   -24    1.237518    1.231558    1.220088    1.157967    1.209684
   3      70 / 63    1.160337   6.0e-04 -0.00060   -22    1.151484    1.160337    1.160337    1.151484    1.151484
   4      70 / 63    1.211565   1.0e-03  0.00116   -21    1.217861    1.205914    1.205914    1.192472    1.192472
   5      70 / 63    1.123959   1.1e-04 -0.00011   -21    1.117422    1.123959    1.118739    1.094124    1.117422
   6      70 / 63    1.113367   7.2e-04 -0.00072   -18    1.106930    1.113367    1.118507    1.129426    1.106930
   7      70 / 63    1.081365   1.1e-04  0.00011   -18    1.082143    1.081365    1.086369    1.104148    1.082143
   8      70 / 63    1.003039   1.1e-03 -0.00111   -18    0.994212    1.003039    1.003039    0.994212    0.994212
   9      70 / 63    0.936580   4.6e-04 -0.00046   -20    0.932553    0.936580    0.936580    0.932553    0.932553
  10      70 / 63    0.809078   7.3e-04  0.00225   -18    0.815558    0.805402    0.801788    0.784294    0.799595
  11      70 / 63    0.850994   2.1e-04  0.00021   -15    0.851910    0.850994    0.850994    0.851910    0.851910

-------------------------------------------------------------------------------------------------------------------




