===============================================================================
===============================================================================
===                                                                         ===
===       SlugHeat  -  Version: 22  -  Update: 2022                         ===
===                                                                         ===
===============================================================================
===============================================================================


------------------------------------------------------------------------------------------------------------------------------------------
--                                                                                                                                      --
--  LOG FILE: /Volumes/GoogleDrive/My Drive/Research/Heat_Flow /SlugHeat/code/SlugHeat22/SlugHeat22_DickersonWorking/CHINOoK_HF2_1.log  --
--                                                                                                                                      --
--                                                   Processed: 27-Sep-2022 15:29:26                                                    --
--                                                                                                                                      --
------------------------------------------------------------------------------------------------------------------------------------------



Penetration file:  /Volumes/GoogleDrive/My Drive/Research/Heat_Flow /SlugHeat/code/SlugHeat22/SlugHeat22_DickersonWorking/PenetrationFiles/CHINOoK/HF2/CHINOoK_HF2_1.pen

Parameter file (*):  /Volumes/GoogleDrive/My Drive/Research/Heat_Flow /SlugHeat/code/SlugHeat22/SlugHeat22_DickersonWorking/SlugHeat22.par

Res file: /Volumes/GoogleDrive/My Drive/Research/Heat_Flow /SlugHeat/code/SlugHeat22/SlugHeat22_DickersonWorking/CHINOoK_HF2_1.res


(*) File SlugHeat22.par found in the working directory !


=================================================
BEGIN LOG FILE
=================================================

----------------------------------------------
----------------------------------------------
SlugHeat22 start time: 27-Sep-2022 15:29:26
----------------------------------------------
----------------------------------------------

27-Sep-2022 15:29:26 Processing set up and data preparation
==================================================================================================

 -- Finding parameter file...
Parameter file: /Volumes/GoogleDrive/My Drive/Research/Heat_Flow /SlugHeat/code/SlugHeat22/SlugHeat22_DickersonWorking/SlugHeat22.par

 -- Finding calibration file...
Calibration file: /Volumes/GoogleDrive/My Drive/Research/Heat_Flow /SlugHeat/code/SlugHeat22/SlugHeat22_DickersonWorking/SlugHeat22.cal

-- Reading in parameters from parameters file

-- Reading in parameters from calibration file

-- Reading in parameters from parameters file

-- Resetting penetration information

 -- Finding penetration file from SlugPen...
Penetration file: /Volumes/GoogleDrive/My Drive/Research/Heat_Flow /SlugHeat/code/SlugHeat22/SlugHeat22_DickersonWorking/PenetrationFiles/CHINOoK/HF2/CHINOoK_HF2_1.pen

 -- Finding tap file from SlugPen...
TAP file: /Volumes/GoogleDrive/My Drive/Research/Heat_Flow /SlugHeat/code/SlugHeat22/SlugHeat22_DickersonWorking/PenetrationFiles/CHINOoK/HF2/CHINOoK_HF2_1.tap

 -- Finding mat file from SlugPen...
MAT file: /Volumes/GoogleDrive/My Drive/Research/Heat_Flow /SlugHeat/code/SlugHeat22/SlugHeat22_DickersonWorking/PenetrationFiles/CHINOoK/HF2/CHINOoK_HF2_1.mat


                          ---------------------------
                          PARAMETERS READ IN PAR FILE
                          ---------------------------


Number Of Sensors:		11
Time Scaling Factor (s):	10.0
Sensor Radius (m):		4.76e-03
Inter-sensor spacing (m):	0.30

Calibration Coefficients ( T = 1000*[a.x^2 + b.x + c] degC ):

  a: 0.0  0.0  0.0  0.0  0.0  0.0  0.0  0.0  0.0  0.0  0.0  0.0  
  b: 1.0  1.0  1.0  1.0  1.0  1.0  1.0  1.0  1.0  1.0  1.0  1.0  
  c: 0.0  0.0  0.0  0.0  0.0  0.0  0.0  0.0  0.0  0.0  0.0  0.0  

Hyndman Coefficients ( Kappa = k/[a - b.k + c.k^2] 10^-6 m2 s-1 ):

  a: 5.790
  b: 3.670
  c: 1.016

Initial Frictional Delays (s):

  200.0  200.0  200.0  200.0  200.0  200.0  200.0  200.0  200.0  200.0  200.0  

Time Shift Increment (s):  	-8
Maximum Frictional Step:  	50
Minimum Frictional Tau:  	1.6
Maximum Fricional Tau:  	10.0

Assumed Initial Conductivities (W/m/degC):  

  k(z) = +0.909 +0.024z

Initial Heat Pulse Delays (s):

  10.0  10.0  10.0  10.0  10.0  10.0  10.0  10.0  10.0  10.0  10.0  

Time Shift Increment (s): 	1.0
Maximum Heat Pulse Step:  	50
Minimum Heat Pulse Tau:  	1.6
Maximum Heat Pulse Tau:  	10.0
Heat Pulse Power (J/m):  	600.0
Heat Pulse Length (s):  	20.0
Tolerance on k (degC):  	0.0
Minimum change of Sigma(k):  	0.0
Maximum number of iterations for k computations:  	10.0
Number of Iterations for Sensitivity analysis:  	100.0
Standard deviation in thermal conductivity for Sensitivity analysis:  	0.1
Minimum thermal conductivity cutoff for Sensitivity analysis:  	0.6
Maximum thermal conductivity cutoff for Sensitivity analysis:  	1.5
Mininum layer thickness for Sensitivity analysis:  	0.1
Use Frictional decay for No Heat pulse Sensitivity analysis ?:  	0.0
Horizontal thermal conductivity Anisotropy:  	1.1
Depth of first thermistor below weight stand:  	0.250


Penetration file /Volumes/GoogleDrive/My Drive/Research/Heat_Flow /SlugHeat/code/SlugHeat22/SlugHeat22_DickersonWorking/PenetrationFiles/CHINOoK/HF2/CHINOoK_HF2_1.pen read ...
TAP file CHINOoK_HF2_1.tapread ...

Applying tilt correction ...
Mean tilt is now :      3.6 degrees.
Inter-Sensor distance : 0.299 m.

Converted raw readings to corrected temperature:
Temperature is referenced to first point of bottom water calibration record ...

Split penetration and heat pulse data:
There is a heat pulse record ...

Penetration Record: 7
Heat Pulse Record:  30
End of Data Record: 57

27-Sep-2022 15:29:39 - End of raw data reading and preparation !
==========================================================================


These sensors are IGNORED in processing: 8   9  10  11

Converted raw readings to corrected temperature:
Temperature is referenced to first point of bottom water calibration record ...

-------------------------------------------------------------------------------
27-Sep-2022 15:30:15 - Begin SlugHeat22 PROCESSING
Split penetration and heat pulse data:
There is a heat pulse record ...

-------------------------------------------------------------------------------
Penetration Start record number has been manually changed by user. New penetration start: 
Selected processing parameters:
-------------------------------

Penetration Record:  10
Heat Pulse Record:   30
End of Data Record:  57

Frictional Tau Window:  [1.6  10]
Heat Pulse Tau Window:  [1.6  10]

Max # of Iterations:     10
Min change in Total k:   1e-05


-------------------------------------------------------------------------------
27-Sep-2022 15:30:53 - Begin SlugHeat22 PROCESSING
Split penetration and heat pulse data:
There is a heat pulse record ...

-------------------------------------------------------------------------------
Penetration Start record number has been manually changed by user. New penetration start: 
Selected processing parameters:
-------------------------------

Penetration Record:  10
Heat Pulse Record:   30
End of Data Record:  57

Frictional Tau Window:  [1.6  10]
Heat Pulse Tau Window:  [1.6  10]

Max # of Iterations:     10
Min change in Total k:   1e-05


       -----------------------------------------------------------------
       RESULTS OF FRICTIONAL AND HEAT PULSE DECAYS REDUCTION - TRIAL # 2
       -----------------------------------------------------------------


Frictional Decay - Iteration 01
===============================

Sensor  Data Points  Eq. temp.   Error   Gradient  Delay   Slope
        Tot. / Used    (deg)     (95%)   (mdeg/m)  (sec)   (/deg)
------  -----------  ---------  -------  --------  ------  ------

   1      20 /  8      1.333    4.1e-04   644.160     40   -0.372
   2      20 /  8      1.140    6.6e-04   517.479    -80   -0.045
   3      20 /  8      0.985    9.9e-04   629.559    -64   -0.137
   4      20 /  8      0.796    7.0e-04   600.385    -32   -0.215
   5      20 /  8      0.616    6.6e-04   591.423    -64   -0.097
   6      20 /  8      0.438    8.7e-04   725.670   -112   -0.012
   7      20 /  8      0.221    7.4e-04     0.000    192    0.529
 
Heat Pulse Decay - Iteration 01
===============================

Sensor  Data Points   kPtHF97    Error    T@Inf   Delay   kSlpHF97   kPt@0Tinf  kPt@minRMS  kSlp@minRMS  kSlp@0Tinf
        Tot. / Used  (W/deg/m)   (95%)    (deg)   (sec)   (W/deg/m)  (W/deg/m)  (W/deg/m)    (W/deg/m)   (W/deg/m)
------  -----------  ---------  -------  -------  -----  ----------  ---------  ----------  -----------  ----------

   1      28 / 15    0.331736   4.7e-03 -0.00472   -39    0.321706    0.331736    0.286731    0.232276    0.321706
   2      28 / 15    0.318691   6.1e-04  0.01435   -39    0.348397    0.297120    0.273383    0.248185    0.298061
   3      28 / 15    0.309467   1.0e-04  0.01544   -39    0.339617    0.286593    0.251690    0.215254    0.286194
   4      28 / 15    0.286833   4.3e-04  0.01904   -39    0.319324    0.262107    0.238725    0.212985    0.261364
   5      28 / 15    0.338034   9.9e-05  0.00947   -39    0.359319    0.321694    0.283189    0.242794    0.321618
   6      28 / 15    0.310600   6.1e-04  0.01605   -39    0.342294    0.287636    0.248319    0.208999    0.288420
   7      28 / 15    0.344292   2.0e-05  0.00002   -39    0.344075    0.344292    0.312809    0.277754    0.344075

-------------------------------------------------------------------------------------------------------------------


-------------------------------------------------------------------------------
27-Sep-2022 15:31:42 - Begin SlugHeat22 PROCESSING
Split penetration and heat pulse data:
There is a heat pulse record ...

-------------------------------------------------------------------------------
Penetration Start record number has been manually changed by user. New penetration start: 
Selected processing parameters:
-------------------------------

Penetration Record:  10
Heat Pulse Record:   30
End of Data Record:  57

Frictional Tau Window:  [1.6  10]
Heat Pulse Tau Window:  [1.6  10]

Max # of Iterations:     10
Min change in Total k:   1e-05


       -----------------------------------------------------------------
       RESULTS OF FRICTIONAL AND HEAT PULSE DECAYS REDUCTION - TRIAL # 3
       -----------------------------------------------------------------


Frictional Decay - Iteration 01
===============================

Sensor  Data Points  Eq. temp.   Error   Gradient  Delay   Slope
        Tot. / Used    (deg)     (95%)   (mdeg/m)  (sec)   (/deg)
------  -----------  ---------  -------  --------  ------  ------

   1      20 /  8      1.333    4.1e-04   644.160     40   -0.372
   2      20 /  8      1.140    6.6e-04   517.479    -80   -0.045
   3      20 /  8      0.985    9.9e-04   629.559    -64   -0.137
   4      20 /  8      0.796    7.0e-04   600.385    -32   -0.215
   5      20 /  8      0.616    6.6e-04   591.423    -64   -0.097
   6      20 /  8      0.438    8.7e-04   725.670   -112   -0.012
   7      20 /  8      0.221    7.4e-04     0.000    192    0.529
 
Heat Pulse Decay - Iteration 01
===============================

Sensor  Data Points   kPtHF97    Error    T@Inf   Delay   kSlpHF97   kPt@0Tinf  kPt@minRMS  kSlp@minRMS  kSlp@0Tinf
        Tot. / Used  (W/deg/m)   (95%)    (deg)   (sec)   (W/deg/m)  (W/deg/m)  (W/deg/m)    (W/deg/m)   (W/deg/m)
------  -----------  ---------  -------  -------  -----  ----------  ---------  ----------  -----------  ----------

   1      28 / 15    0.331736   4.7e-03 -0.00472   -39    0.321706    0.331736    0.286731    0.232276    0.321706
   2      28 / 15    0.318691   6.1e-04  0.01435   -39    0.348397    0.297120    0.273383    0.248185    0.298061
   3      28 / 15    0.309467   1.0e-04  0.01544   -39    0.339617    0.286593    0.251690    0.215254    0.286194
   4      28 / 15    0.286833   4.3e-04  0.01904   -39    0.319324    0.262107    0.238725    0.212985    0.261364
   5      28 / 15    0.338034   9.9e-05  0.00947   -39    0.359319    0.321694    0.283189    0.242794    0.321618
   6      28 / 15    0.310600   6.1e-04  0.01605   -39    0.342294    0.287636    0.248319    0.208999    0.288420
   7      28 / 15    0.344292   2.0e-05  0.00002   -39    0.344075    0.344292    0.312809    0.277754    0.344075

-------------------------------------------------------------------------------------------------------------------


-------------------------------------------------------------------------------
27-Sep-2022 15:31:57 - Begin SlugHeat22 PROCESSING
Split penetration and heat pulse data:
There is a heat pulse record ...

-------------------------------------------------------------------------------
Penetration Start record number has been manually changed by user. New penetration start: 
Selected processing parameters:
-------------------------------

Penetration Record:  10
Heat Pulse Record:   30
End of Data Record:  57

Frictional Tau Window:  [1.6  10]
Heat Pulse Tau Window:  [1.6  10]

Max # of Iterations:     10
Min change in Total k:   1e-05


       -----------------------------------------------------------------
       RESULTS OF FRICTIONAL DECAY REDUCTION - NO HEAT PULSE - TRIAL # 4
       -----------------------------------------------------------------


Frictional Decay - Iteration 01
===============================

Sensor  Data Points  Eq. temp.   Error   Gradient  Delay   Slope
        Tot. / Used    (deg)     (95%)   (mdeg/m)  (sec)   (/deg)
------  -----------  ---------  -------  --------  ------  ------

   1      20 /  8      1.333    4.1e-04   644.160     40   -0.372
   2      20 /  8      1.140    6.6e-04   517.479    -80   -0.045
   3      20 /  8      0.985    9.9e-04   629.559    -64   -0.137
   4      20 /  8      0.796    7.0e-04   600.385    -32   -0.215
   5      20 /  8      0.616    6.6e-04   591.423    -64   -0.097
   6      20 /  8      0.438    8.7e-04   725.670   -112   -0.012
   7      20 /  8      0.221    7.4e-04     0.000    192    0.529

-----------------------------------------------------------------


Frictional Decay - Iteration 02
===============================

Sensor  Data Points  Eq. temp.   Error   Gradient  Delay   Slope
        Tot. / Used    (deg)     (95%)   (mdeg/m)  (sec)   (/deg)
------  -----------  ---------  -------  --------  ------  ------

   1      20 /  7      1.342    4.0e-04   680.904    112   -0.612
   2      20 /  7      1.138    5.2e-04   479.916   -112   -0.020
   3      20 /  7      0.994    9.4e-04   679.206     -8   -0.279
   4      20 /  7      0.790    5.8e-04   574.150    -72   -0.118
   5      20 /  7      0.618    6.9e-04   596.351    -48   -0.120
   6      20 /  7      0.439    9.1e-04   730.403   -104   -0.015
   7      20 /  7      0.220    7.6e-04     0.000    192    0.531

-----------------------------------------------------------------


Frictional Decay - Iteration 03 - Total change in Temperature: +2.9e-02
=======================================================================

Sensor  Data Points  Eq. temp.   Error   Gradient  Delay   Slope
        Tot. / Used    (deg)     (95%)   (mdeg/m)  (sec)   (/deg)
------  -----------  ---------  -------  --------  ------  ------

   1      20 /  7      1.343    4.0e-04   684.122    120   -0.644
   2      20 /  7      1.138    5.2e-04   484.117   -112   -0.020
   3      20 /  7      0.992    9.4e-04   675.009    -16   -0.255
   4      20 /  7      0.790    5.8e-04   574.146    -72   -0.118
   5      20 /  7      0.618    6.9e-04   596.351    -48   -0.120
   6      20 /  7      0.439    9.1e-04   730.406   -104   -0.015
   7      20 /  7      0.220    7.6e-04     0.000    192    0.531

-----------------------------------------------------------------


Frictional Decay - Iteration 04 - Total change in Temperature: +2.2e-03
=======================================================================

Sensor  Data Points  Eq. temp.   Error   Gradient  Delay   Slope
        Tot. / Used    (deg)     (95%)   (mdeg/m)  (sec)   (/deg)
------  -----------  ---------  -------  --------  ------  ------

   1      20 /  7      1.342    4.0e-04   680.903    112   -0.612
   2      20 /  7      1.138    5.2e-04   479.922   -112   -0.020
   3      20 /  7      0.994    9.4e-04   679.201     -8   -0.279
   4      20 /  7      0.790    5.8e-04   574.145    -72   -0.118
   5      20 /  7      0.618    6.9e-04   596.358    -48   -0.120
   6      20 /  7      0.439    9.1e-04   730.417   -104   -0.015
   7      20 /  7      0.220    7.6e-04     0.000    192    0.531

-----------------------------------------------------------------


Frictional Decay - Iteration 05 - Total change in Temperature: +2.2e-03
=======================================================================

Sensor  Data Points  Eq. temp.   Error   Gradient  Delay   Slope
        Tot. / Used    (deg)     (95%)   (mdeg/m)  (sec)   (/deg)
------  -----------  ---------  -------  --------  ------  ------

   1      20 /  7      1.343    4.0e-04   684.122    120   -0.644
   2      20 /  7      1.138    5.2e-04   484.117   -112   -0.020
   3      20 /  7      0.992    9.4e-04   675.009    -16   -0.255
   4      20 /  7      0.790    5.8e-04   574.146    -72   -0.118
   5      20 /  7      0.618    6.9e-04   596.351    -48   -0.120
   6      20 /  7      0.439    9.1e-04   730.406   -104   -0.015
   7      20 /  7      0.220    7.6e-04     0.000    192    0.531

-----------------------------------------------------------------


Frictional Decay - Iteration 06 - Total change in Temperature: +2.2e-03
=======================================================================

Sensor  Data Points  Eq. temp.   Error   Gradient  Delay   Slope
        Tot. / Used    (deg)     (95%)   (mdeg/m)  (sec)   (/deg)
------  -----------  ---------  -------  --------  ------  ------

   1      20 /  7      1.342    4.0e-04   680.903    112   -0.612
   2      20 /  7      1.138    5.2e-04   479.922   -112   -0.020
   3      20 /  7      0.994    9.4e-04   679.201     -8   -0.279
   4      20 /  7      0.790    5.8e-04   574.145    -72   -0.118
   5      20 /  7      0.618    6.9e-04   596.358    -48   -0.120
   6      20 /  7      0.439    9.1e-04   730.417   -104   -0.015
   7      20 /  7      0.220    7.6e-04     0.000    192    0.531

-----------------------------------------------------------------


Frictional Decay - Iteration 07 - Total change in Temperature: +2.2e-03
=======================================================================

Sensor  Data Points  Eq. temp.   Error   Gradient  Delay   Slope
        Tot. / Used    (deg)     (95%)   (mdeg/m)  (sec)   (/deg)
------  -----------  ---------  -------  --------  ------  ------

   1      20 /  7      1.343    4.0e-04   684.122    120   -0.644
   2      20 /  7      1.138    5.2e-04   484.117   -112   -0.020
   3      20 /  7      0.992    9.4e-04   675.009    -16   -0.255
   4      20 /  7      0.790    5.8e-04   574.146    -72   -0.118
   5      20 /  7      0.618    6.9e-04   596.351    -48   -0.120
   6      20 /  7      0.439    9.1e-04   730.406   -104   -0.015
   7      20 /  7      0.220    7.6e-04     0.000    192    0.531

-----------------------------------------------------------------


Frictional Decay - Iteration 08 - Total change in Temperature: +2.2e-03
=======================================================================

Sensor  Data Points  Eq. temp.   Error   Gradient  Delay   Slope
        Tot. / Used    (deg)     (95%)   (mdeg/m)  (sec)   (/deg)
------  -----------  ---------  -------  --------  ------  ------

   1      20 /  7      1.342    4.0e-04   680.903    112   -0.612
   2      20 /  7      1.138    5.2e-04   479.922   -112   -0.020
   3      20 /  7      0.994    9.4e-04   679.201     -8   -0.279
   4      20 /  7      0.790    5.8e-04   574.145    -72   -0.118
   5      20 /  7      0.618    6.9e-04   596.358    -48   -0.120
   6      20 /  7      0.439    9.1e-04   730.417   -104   -0.015
   7      20 /  7      0.220    7.6e-04     0.000    192    0.531

-----------------------------------------------------------------


Frictional Decay - Iteration 09 - Total change in Temperature: +2.2e-03
=======================================================================

Sensor  Data Points  Eq. temp.   Error   Gradient  Delay   Slope
        Tot. / Used    (deg)     (95%)   (mdeg/m)  (sec)   (/deg)
------  -----------  ---------  -------  --------  ------  ------

   1      20 /  7      1.343    4.0e-04   684.122    120   -0.644
   2      20 /  7      1.138    5.2e-04   484.117   -112   -0.020
   3      20 /  7      0.992    9.4e-04   675.009    -16   -0.255
   4      20 /  7      0.790    5.8e-04   574.146    -72   -0.118
   5      20 /  7      0.618    6.9e-04   596.351    -48   -0.120
   6      20 /  7      0.439    9.1e-04   730.406   -104   -0.015
   7      20 /  7      0.220    7.6e-04     0.000    192    0.531

-----------------------------------------------------------------


Frictional Decay - Iteration 10 - Total change in Temperature: +2.2e-03
=======================================================================

Sensor  Data Points  Eq. temp.   Error   Gradient  Delay   Slope
        Tot. / Used    (deg)     (95%)   (mdeg/m)  (sec)   (/deg)
------  -----------  ---------  -------  --------  ------  ------

   1      20 /  7      1.342    4.0e-04   680.903    112   -0.612
   2      20 /  7      1.138    5.2e-04   479.922   -112   -0.020
   3      20 /  7      0.994    9.4e-04   679.201     -8   -0.279
   4      20 /  7      0.790    5.8e-04   574.145    -72   -0.118
   5      20 /  7      0.618    6.9e-04   596.358    -48   -0.120
   6      20 /  7      0.439    9.1e-04   730.417   -104   -0.015
   7      20 /  7      0.220    7.6e-04     0.000    192    0.531

-----------------------------------------------------------------



-------------------------------------------------------------------------------
27-Sep-2022 15:43:14 - Begin SlugHeat22 PROCESSING
Split penetration and heat pulse data:
There is a heat pulse record ...

-------------------------------------------------------------------------------
Penetration Start record number has been manually changed by user. New penetration start: 
Selected processing parameters:
-------------------------------

Penetration Record:  10
Heat Pulse Record:   30
End of Data Record:  57

Frictional Tau Window:  [1.6  10]
Heat Pulse Tau Window:  [1.6  10]

Max # of Iterations:     10
Min change in Total k:   1e-05


       -----------------------------------------------------------------
       RESULTS OF FRICTIONAL DECAY REDUCTION - NO HEAT PULSE - TRIAL # 5
       -----------------------------------------------------------------


Frictional Decay - Iteration 01
===============================

Sensor  Data Points  Eq. temp.   Error   Gradient  Delay   Slope
        Tot. / Used    (deg)     (95%)   (mdeg/m)  (sec)   (/deg)
------  -----------  ---------  -------  --------  ------  ------

   1      20 /  8      1.333    4.1e-04   644.160     40   -0.372
   2      20 /  8      1.140    6.6e-04   517.479    -80   -0.045
   3      20 /  8      0.985    9.9e-04   629.559    -64   -0.137
   4      20 /  8      0.796    7.0e-04   600.385    -32   -0.215
   5      20 /  8      0.616    6.6e-04   591.423    -64   -0.097
   6      20 /  8      0.438    8.7e-04   725.670   -112   -0.012
   7      20 /  8      0.221    7.4e-04     0.000    192    0.529

-----------------------------------------------------------------


Frictional Decay - Iteration 02
===============================

Sensor  Data Points  Eq. temp.   Error   Gradient  Delay   Slope
        Tot. / Used    (deg)     (95%)   (mdeg/m)  (sec)   (/deg)
------  -----------  ---------  -------  --------  ------  ------

   1      20 /  7      1.342    4.0e-04   680.904    112   -0.612
   2      20 /  7      1.138    5.2e-04   479.916   -112   -0.020
   3      20 /  7      0.994    9.4e-04   679.206     -8   -0.279
   4      20 /  7      0.790    5.8e-04   574.150    -72   -0.118
   5      20 /  7      0.618    6.9e-04   596.351    -48   -0.120
   6      20 /  7      0.439    9.1e-04   730.403   -104   -0.015
   7      20 /  7      0.220    7.6e-04     0.000    192    0.531

-----------------------------------------------------------------


Frictional Decay - Iteration 03 - Total change in Temperature: +2.9e-02
=======================================================================

Sensor  Data Points  Eq. temp.   Error   Gradient  Delay   Slope
        Tot. / Used    (deg)     (95%)   (mdeg/m)  (sec)   (/deg)
------  -----------  ---------  -------  --------  ------  ------

   1      20 /  7      1.343    4.0e-04   684.122    120   -0.644
   2      20 /  7      1.138    5.2e-04   484.117   -112   -0.020
   3      20 /  7      0.992    9.4e-04   675.009    -16   -0.255
   4      20 /  7      0.790    5.8e-04   574.146    -72   -0.118
   5      20 /  7      0.618    6.9e-04   596.351    -48   -0.120
   6      20 /  7      0.439    9.1e-04   730.406   -104   -0.015
   7      20 /  7      0.220    7.6e-04     0.000    192    0.531

-----------------------------------------------------------------


Frictional Decay - Iteration 04 - Total change in Temperature: +2.2e-03
=======================================================================

Sensor  Data Points  Eq. temp.   Error   Gradient  Delay   Slope
        Tot. / Used    (deg)     (95%)   (mdeg/m)  (sec)   (/deg)
------  -----------  ---------  -------  --------  ------  ------

   1      20 /  7      1.342    4.0e-04   680.903    112   -0.612
   2      20 /  7      1.138    5.2e-04   479.922   -112   -0.020
   3      20 /  7      0.994    9.4e-04   679.201     -8   -0.279
   4      20 /  7      0.790    5.8e-04   574.145    -72   -0.118
   5      20 /  7      0.618    6.9e-04   596.358    -48   -0.120
   6      20 /  7      0.439    9.1e-04   730.417   -104   -0.015
   7      20 /  7      0.220    7.6e-04     0.000    192    0.531

-----------------------------------------------------------------


Frictional Decay - Iteration 05 - Total change in Temperature: +2.2e-03
=======================================================================

Sensor  Data Points  Eq. temp.   Error   Gradient  Delay   Slope
        Tot. / Used    (deg)     (95%)   (mdeg/m)  (sec)   (/deg)
------  -----------  ---------  -------  --------  ------  ------

   1      20 /  7      1.343    4.0e-04   684.122    120   -0.644
   2      20 /  7      1.138    5.2e-04   484.117   -112   -0.020
   3      20 /  7      0.992    9.4e-04   675.009    -16   -0.255
   4      20 /  7      0.790    5.8e-04   574.146    -72   -0.118
   5      20 /  7      0.618    6.9e-04   596.351    -48   -0.120
   6      20 /  7      0.439    9.1e-04   730.406   -104   -0.015
   7      20 /  7      0.220    7.6e-04     0.000    192    0.531

-----------------------------------------------------------------


Frictional Decay - Iteration 06 - Total change in Temperature: +2.2e-03
=======================================================================

Sensor  Data Points  Eq. temp.   Error   Gradient  Delay   Slope
        Tot. / Used    (deg)     (95%)   (mdeg/m)  (sec)   (/deg)
------  -----------  ---------  -------  --------  ------  ------

   1      20 /  7      1.342    4.0e-04   680.903    112   -0.612
   2      20 /  7      1.138    5.2e-04   479.922   -112   -0.020
   3      20 /  7      0.994    9.4e-04   679.201     -8   -0.279
   4      20 /  7      0.790    5.8e-04   574.145    -72   -0.118
   5      20 /  7      0.618    6.9e-04   596.358    -48   -0.120
   6      20 /  7      0.439    9.1e-04   730.417   -104   -0.015
   7      20 /  7      0.220    7.6e-04     0.000    192    0.531

-----------------------------------------------------------------


Frictional Decay - Iteration 07 - Total change in Temperature: +2.2e-03
=======================================================================

Sensor  Data Points  Eq. temp.   Error   Gradient  Delay   Slope
        Tot. / Used    (deg)     (95%)   (mdeg/m)  (sec)   (/deg)
------  -----------  ---------  -------  --------  ------  ------

   1      20 /  7      1.343    4.0e-04   684.122    120   -0.644
   2      20 /  7      1.138    5.2e-04   484.117   -112   -0.020
   3      20 /  7      0.992    9.4e-04   675.009    -16   -0.255
   4      20 /  7      0.790    5.8e-04   574.146    -72   -0.118
   5      20 /  7      0.618    6.9e-04   596.351    -48   -0.120
   6      20 /  7      0.439    9.1e-04   730.406   -104   -0.015
   7      20 /  7      0.220    7.6e-04     0.000    192    0.531

-----------------------------------------------------------------


Frictional Decay - Iteration 08 - Total change in Temperature: +2.2e-03
=======================================================================

Sensor  Data Points  Eq. temp.   Error   Gradient  Delay   Slope
        Tot. / Used    (deg)     (95%)   (mdeg/m)  (sec)   (/deg)
------  -----------  ---------  -------  --------  ------  ------

   1      20 /  7      1.342    4.0e-04   680.903    112   -0.612
   2      20 /  7      1.138    5.2e-04   479.922   -112   -0.020
   3      20 /  7      0.994    9.4e-04   679.201     -8   -0.279
   4      20 /  7      0.790    5.8e-04   574.145    -72   -0.118
   5      20 /  7      0.618    6.9e-04   596.358    -48   -0.120
   6      20 /  7      0.439    9.1e-04   730.417   -104   -0.015
   7      20 /  7      0.220    7.6e-04     0.000    192    0.531

-----------------------------------------------------------------


Frictional Decay - Iteration 09 - Total change in Temperature: +2.2e-03
=======================================================================

Sensor  Data Points  Eq. temp.   Error   Gradient  Delay   Slope
        Tot. / Used    (deg)     (95%)   (mdeg/m)  (sec)   (/deg)
------  -----------  ---------  -------  --------  ------  ------

   1      20 /  7      1.343    4.0e-04   684.122    120   -0.644
   2      20 /  7      1.138    5.2e-04   484.117   -112   -0.020
   3      20 /  7      0.992    9.4e-04   675.009    -16   -0.255
   4      20 /  7      0.790    5.8e-04   574.146    -72   -0.118
   5      20 /  7      0.618    6.9e-04   596.351    -48   -0.120
   6      20 /  7      0.439    9.1e-04   730.406   -104   -0.015
   7      20 /  7      0.220    7.6e-04     0.000    192    0.531

-----------------------------------------------------------------


Frictional Decay - Iteration 10 - Total change in Temperature: +2.2e-03
=======================================================================

Sensor  Data Points  Eq. temp.   Error   Gradient  Delay   Slope
        Tot. / Used    (deg)     (95%)   (mdeg/m)  (sec)   (/deg)
------  -----------  ---------  -------  --------  ------  ------

   1      20 /  7      1.342    4.0e-04   680.903    112   -0.612
   2      20 /  7      1.138    5.2e-04   479.922   -112   -0.020
   3      20 /  7      0.994    9.4e-04   679.201     -8   -0.279
   4      20 /  7      0.790    5.8e-04   574.145    -72   -0.118
   5      20 /  7      0.618    6.9e-04   596.358    -48   -0.120
   6      20 /  7      0.439    9.1e-04   730.417   -104   -0.015
   7      20 /  7      0.220    7.6e-04     0.000    192    0.531

-----------------------------------------------------------------



-------------------------------------------------------------------------------
27-Sep-2022 15:47:12 - Begin SlugHeat22 PROCESSING
Split penetration and heat pulse data:
There is a heat pulse record ...

-------------------------------------------------------------------------------
Penetration Start record number has been manually changed by user. New penetration start: 
Selected processing parameters:
-------------------------------

Penetration Record:  10
Heat Pulse Record:   30
End of Data Record:  57

Frictional Tau Window:  [1.6  10]
Heat Pulse Tau Window:  [1.6  10]

Max # of Iterations:     10
Min change in Total k:   1e-05


       -----------------------------------------------------------------
       RESULTS OF FRICTIONAL DECAY REDUCTION - NO HEAT PULSE - TRIAL # 6
       -----------------------------------------------------------------


Frictional Decay - Iteration 01
===============================

Sensor  Data Points  Eq. temp.   Error   Gradient  Delay   Slope
        Tot. / Used    (deg)     (95%)   (mdeg/m)  (sec)   (/deg)
------  -----------  ---------  -------  --------  ------  ------

   1      20 /  8      1.333    4.1e-04   644.160     40   -0.372
   2      20 /  8      1.140    6.6e-04   517.479    -80   -0.045
   3      20 /  8      0.985    9.9e-04   629.559    -64   -0.137
   4      20 /  8      0.796    7.0e-04   600.385    -32   -0.215
   5      20 /  8      0.616    6.6e-04   591.423    -64   -0.097
   6      20 /  8      0.438    8.7e-04   725.670   -112   -0.012
   7      20 /  8      0.221    7.4e-04     0.000    192    0.529

-----------------------------------------------------------------


Frictional Decay - Iteration 02
===============================

Sensor  Data Points  Eq. temp.   Error   Gradient  Delay   Slope
        Tot. / Used    (deg)     (95%)   (mdeg/m)  (sec)   (/deg)
------  -----------  ---------  -------  --------  ------  ------

   1      20 /  7      1.342    4.0e-04   680.904    112   -0.612
   2      20 /  7      1.138    5.2e-04   479.916   -112   -0.020
   3      20 /  7      0.994    9.4e-04   679.206     -8   -0.279
   4      20 /  7      0.790    5.8e-04   574.150    -72   -0.118
   5      20 /  7      0.618    6.9e-04   596.351    -48   -0.120
   6      20 /  7      0.439    9.1e-04   730.403   -104   -0.015
   7      20 /  7      0.220    7.6e-04     0.000    192    0.531

-----------------------------------------------------------------


Frictional Decay - Iteration 03 - Total change in Temperature: +2.9e-02
=======================================================================

Sensor  Data Points  Eq. temp.   Error   Gradient  Delay   Slope
        Tot. / Used    (deg)     (95%)   (mdeg/m)  (sec)   (/deg)
------  -----------  ---------  -------  --------  ------  ------

   1      20 /  7      1.343    4.0e-04   684.122    120   -0.644
   2      20 /  7      1.138    5.2e-04   484.117   -112   -0.020
   3      20 /  7      0.992    9.4e-04   675.009    -16   -0.255
   4      20 /  7      0.790    5.8e-04   574.146    -72   -0.118
   5      20 /  7      0.618    6.9e-04   596.351    -48   -0.120
   6      20 /  7      0.439    9.1e-04   730.406   -104   -0.015
   7      20 /  7      0.220    7.6e-04     0.000    192    0.531

-----------------------------------------------------------------


Frictional Decay - Iteration 04 - Total change in Temperature: +2.2e-03
=======================================================================

Sensor  Data Points  Eq. temp.   Error   Gradient  Delay   Slope
        Tot. / Used    (deg)     (95%)   (mdeg/m)  (sec)   (/deg)
------  -----------  ---------  -------  --------  ------  ------

   1      20 /  7      1.342    4.0e-04   680.903    112   -0.612
   2      20 /  7      1.138    5.2e-04   479.922   -112   -0.020
   3      20 /  7      0.994    9.4e-04   679.201     -8   -0.279
   4      20 /  7      0.790    5.8e-04   574.145    -72   -0.118
   5      20 /  7      0.618    6.9e-04   596.358    -48   -0.120
   6      20 /  7      0.439    9.1e-04   730.417   -104   -0.015
   7      20 /  7      0.220    7.6e-04     0.000    192    0.531

-----------------------------------------------------------------


Frictional Decay - Iteration 05 - Total change in Temperature: +2.2e-03
=======================================================================

Sensor  Data Points  Eq. temp.   Error   Gradient  Delay   Slope
        Tot. / Used    (deg)     (95%)   (mdeg/m)  (sec)   (/deg)
------  -----------  ---------  -------  --------  ------  ------

   1      20 /  7      1.343    4.0e-04   684.122    120   -0.644
   2      20 /  7      1.138    5.2e-04   484.117   -112   -0.020
   3      20 /  7      0.992    9.4e-04   675.009    -16   -0.255
   4      20 /  7      0.790    5.8e-04   574.146    -72   -0.118
   5      20 /  7      0.618    6.9e-04   596.351    -48   -0.120
   6      20 /  7      0.439    9.1e-04   730.406   -104   -0.015
   7      20 /  7      0.220    7.6e-04     0.000    192    0.531

-----------------------------------------------------------------


Frictional Decay - Iteration 06 - Total change in Temperature: +2.2e-03
=======================================================================

Sensor  Data Points  Eq. temp.   Error   Gradient  Delay   Slope
        Tot. / Used    (deg)     (95%)   (mdeg/m)  (sec)   (/deg)
------  -----------  ---------  -------  --------  ------  ------

   1      20 /  7      1.342    4.0e-04   680.903    112   -0.612
   2      20 /  7      1.138    5.2e-04   479.922   -112   -0.020
   3      20 /  7      0.994    9.4e-04   679.201     -8   -0.279
   4      20 /  7      0.790    5.8e-04   574.145    -72   -0.118
   5      20 /  7      0.618    6.9e-04   596.358    -48   -0.120
   6      20 /  7      0.439    9.1e-04   730.417   -104   -0.015
   7      20 /  7      0.220    7.6e-04     0.000    192    0.531

-----------------------------------------------------------------


Frictional Decay - Iteration 07 - Total change in Temperature: +2.2e-03
=======================================================================

Sensor  Data Points  Eq. temp.   Error   Gradient  Delay   Slope
        Tot. / Used    (deg)     (95%)   (mdeg/m)  (sec)   (/deg)
------  -----------  ---------  -------  --------  ------  ------

   1      20 /  7      1.343    4.0e-04   684.122    120   -0.644
   2      20 /  7      1.138    5.2e-04   484.117   -112   -0.020
   3      20 /  7      0.992    9.4e-04   675.009    -16   -0.255
   4      20 /  7      0.790    5.8e-04   574.146    -72   -0.118
   5      20 /  7      0.618    6.9e-04   596.351    -48   -0.120
   6      20 /  7      0.439    9.1e-04   730.406   -104   -0.015
   7      20 /  7      0.220    7.6e-04     0.000    192    0.531

-----------------------------------------------------------------


Frictional Decay - Iteration 08 - Total change in Temperature: +2.2e-03
=======================================================================

Sensor  Data Points  Eq. temp.   Error   Gradient  Delay   Slope
        Tot. / Used    (deg)     (95%)   (mdeg/m)  (sec)   (/deg)
------  -----------  ---------  -------  --------  ------  ------

   1      20 /  7      1.342    4.0e-04   680.903    112   -0.612
   2      20 /  7      1.138    5.2e-04   479.922   -112   -0.020
   3      20 /  7      0.994    9.4e-04   679.201     -8   -0.279
   4      20 /  7      0.790    5.8e-04   574.145    -72   -0.118
   5      20 /  7      0.618    6.9e-04   596.358    -48   -0.120
   6      20 /  7      0.439    9.1e-04   730.417   -104   -0.015
   7      20 /  7      0.220    7.6e-04     0.000    192    0.531

-----------------------------------------------------------------


Frictional Decay - Iteration 09 - Total change in Temperature: +2.2e-03
=======================================================================

Sensor  Data Points  Eq. temp.   Error   Gradient  Delay   Slope
        Tot. / Used    (deg)     (95%)   (mdeg/m)  (sec)   (/deg)
------  -----------  ---------  -------  --------  ------  ------

   1      20 /  7      1.343    4.0e-04   684.122    120   -0.644
   2      20 /  7      1.138    5.2e-04   484.117   -112   -0.020
   3      20 /  7      0.992    9.4e-04   675.009    -16   -0.255
   4      20 /  7      0.790    5.8e-04   574.146    -72   -0.118
   5      20 /  7      0.618    6.9e-04   596.351    -48   -0.120
   6      20 /  7      0.439    9.1e-04   730.406   -104   -0.015
   7      20 /  7      0.220    7.6e-04     0.000    192    0.531

-----------------------------------------------------------------


Frictional Decay - Iteration 10 - Total change in Temperature: +2.2e-03
=======================================================================

Sensor  Data Points  Eq. temp.   Error   Gradient  Delay   Slope
        Tot. / Used    (deg)     (95%)   (mdeg/m)  (sec)   (/deg)
------  -----------  ---------  -------  --------  ------  ------

   1      20 /  7      1.342    4.0e-04   680.903    112   -0.612
   2      20 /  7      1.138    5.2e-04   479.922   -112   -0.020
   3      20 /  7      0.994    9.4e-04   679.201     -8   -0.279
   4      20 /  7      0.790    5.8e-04   574.145    -72   -0.118
   5      20 /  7      0.618    6.9e-04   596.358    -48   -0.120
   6      20 /  7      0.439    9.1e-04   730.417   -104   -0.015
   7      20 /  7      0.220    7.6e-04     0.000    192    0.531

-----------------------------------------------------------------



